1511926976830	geckodriver	INFO	geckodriver 0.18.0
1511926976833	geckodriver	INFO	Listening on 127.0.0.1:53212
1511926977889	geckodriver::marionette	INFO	Starting browser /Applications/Firefox.app/Contents/MacOS/firefox-bin with args ["-marionette"]
1511926978081	addons.xpi	WARN	Error parsing extensions state: [Exception... "Component returned failure code: 0x80520012 (NS_ERROR_FILE_NOT_FOUND) [amIAddonManagerStartup.readStartupData]"  nsresult: "0x80520012 (NS_ERROR_FILE_NOT_FOUND)"  location: "JS frame :: resource://gre/modules/addons/XPIProvider.jsm :: loadExtensionState :: line 1596"  data: no] Stack trace: loadExtensionState()@resource://gre/modules/addons/XPIProvider.jsm:1596 < getInstallState()@resource://gre/modules/addons/XPIProvider.jsm:1631 < checkForChanges()@resource://gre/modules/addons/XPIProvider.jsm:3152 < startup()@resource://gre/modules/addons/XPIProvider.jsm:2246 < callProvider()@resource://gre/modules/AddonManager.jsm:271 < _startProvider()@resource://gre/modules/AddonManager.jsm:741 < startup()@resource://gre/modules/AddonManager.jsm:908 < startup()@resource://gre/modules/AddonManager.jsm:3122 < observe()@jar:file:///Applications/Firefox.app/Contents/Resources/omni.ja!/components/addonManager.js:65
1511926978354	Marionette	INFO	Enabled via --marionette
2017-11-29 09:12:59.272 plugin-container[7072:171930] *** CFMessagePort: bootstrap_register(): failed 1100 (0x44c) 'Permission denied', port = 0x9f3b, name = 'com.apple.tsm.portname'
See /usr/include/servers/bootstrap_defs.h for the error codes.
2017-11-29 09:12:59.274 plugin-container[7072:171930] *** CFMessagePort: bootstrap_register(): failed 1100 (0x44c) 'Permission denied', port = 0xa303, name = 'com.apple.CFPasteboardClient'
See /usr/include/servers/bootstrap_defs.h for the error codes.
1511926979489	Marionette	INFO	Listening on port 53221
JavaScript error: chrome://marionette/content/server.js, line 337: NS_ERROR_SOCKET_ADDRESS_IN_USE: Component returned failure code: 0x804b0036 (NS_ERROR_SOCKET_ADDRESS_IN_USE) [nsIServerSocket.initSpecialConnection]
1511926979551	Marionette	WARN	TLS certificate errors will be ignored for this session
1511926979578	Marionette	DEBUG	loaded listener.js
1511926979590	Marionette	DEBUG	Received DOM event "beforeunload" for "about:blank"
1511926980527	Marionette	DEBUG	Received DOM event "pagehide" for "about:blank"
1511926980528	Marionette	DEBUG	Received DOM event "unload" for "about:blank"
1511926981723	Marionette	DEBUG	Received DOM event "DOMContentLoaded" for "http://jqueryui.com/button/"
1511926982766	Marionette	DEBUG	Received DOM event "DOMContentLoaded" for "http://jqueryui.com/resources/demos/button/default.html"
1511926982774	Marionette	DEBUG	Received DOM event "pageshow" for "http://jqueryui.com/resources/demos/button/default.html"
1511926982776	Marionette	DEBUG	Received DOM event "pageshow" for "http://jqueryui.com/button/"
1511926983114	Marionette	DEBUG	Canceled page load listener because no navigation has been detected
1511926988137	Marionette	INFO	New connections will no longer be accepted
JavaScript error: resource://shield-recipe-client/lib/EventEmitter.jsm, line 30: TypeError: log is undefined
JavaScript error: resource://shield-recipe-client/lib/EventEmitter.jsm, line 30: TypeError: log is undefined
1511927048229	geckodriver	INFO	geckodriver 0.18.0
1511927048232	geckodriver	INFO	Listening on 127.0.0.1:53329
1511927049274	geckodriver::marionette	INFO	Starting browser /Applications/Firefox.app/Contents/MacOS/firefox-bin with args ["-marionette"]
1511927049446	addons.xpi	WARN	Error parsing extensions state: [Exception... "Component returned failure code: 0x80520012 (NS_ERROR_FILE_NOT_FOUND) [amIAddonManagerStartup.readStartupData]"  nsresult: "0x80520012 (NS_ERROR_FILE_NOT_FOUND)"  location: "JS frame :: resource://gre/modules/addons/XPIProvider.jsm :: loadExtensionState :: line 1596"  data: no] Stack trace: loadExtensionState()@resource://gre/modules/addons/XPIProvider.jsm:1596 < getInstallState()@resource://gre/modules/addons/XPIProvider.jsm:1631 < checkForChanges()@resource://gre/modules/addons/XPIProvider.jsm:3152 < startup()@resource://gre/modules/addons/XPIProvider.jsm:2246 < callProvider()@resource://gre/modules/AddonManager.jsm:271 < _startProvider()@resource://gre/modules/AddonManager.jsm:741 < startup()@resource://gre/modules/AddonManager.jsm:908 < startup()@resource://gre/modules/AddonManager.jsm:3122 < observe()@jar:file:///Applications/Firefox.app/Contents/Resources/omni.ja!/components/addonManager.js:65
1511927049694	Marionette	INFO	Enabled via --marionette
1511927050760	Marionette	INFO	Listening on port 53338
JavaScript error: chrome://marionette/content/server.js, line 337: NS_ERROR_SOCKET_ADDRESS_IN_USE: Component returned failure code: 0x804b0036 (NS_ERROR_SOCKET_ADDRESS_IN_USE) [nsIServerSocket.initSpecialConnection]
2017-11-29 09:14:10.811 plugin-container[7090:173388] *** CFMessagePort: bootstrap_register(): failed 1100 (0x44c) 'Permission denied', port = 0x9e3b, name = 'com.apple.tsm.portname'
See /usr/include/servers/bootstrap_defs.h for the error codes.
2017-11-29 09:14:10.813 plugin-container[7090:173388] *** CFMessagePort: bootstrap_register(): failed 1100 (0x44c) 'Permission denied', port = 0xa103, name = 'com.apple.CFPasteboardClient'
See /usr/include/servers/bootstrap_defs.h for the error codes.
1511927050826	Marionette	WARN	TLS certificate errors will be ignored for this session
1511927050854	Marionette	DEBUG	loaded listener.js
1511927050866	Marionette	DEBUG	Received DOM event "beforeunload" for "about:blank"
1511927051444	Marionette	DEBUG	Received DOM event "pagehide" for "about:blank"
1511927051445	Marionette	DEBUG	Received DOM event "unload" for "about:blank"
1511927053644	Marionette	DEBUG	Received DOM event "DOMContentLoaded" for "http://jqueryui.com/button/"
1511927054845	Marionette	DEBUG	Received DOM event "DOMContentLoaded" for "http://jqueryui.com/resources/demos/button/default.html"
1511927054846	Marionette	DEBUG	Received DOM event "pageshow" for "http://jqueryui.com/resources/demos/button/default.html"
1511927054848	Marionette	DEBUG	Received DOM event "pageshow" for "http://jqueryui.com/button/"
1511927055147	Marionette	DEBUG	Canceled page load listener because no navigation has been detected
1511927060189	Marionette	INFO	New connections will no longer be accepted
JavaScript error: resource://shield-recipe-client/lib/EventEmitter.jsm, line 30: TypeError: log is undefined
JavaScript error: resource://shield-recipe-client/lib/EventEmitter.jsm, line 30: TypeError: log is undefined
